2024-05-30 16:35:16|   DEBUG|testAction.py[:57]|eeee
2024-05-30 16:35:16|   DEBUG|testAction.py[:58]|123456
2024-05-30 16:35:16|    INFO|testAction.py[:78]|response json: {'code': 0}
2024-05-30 16:35:16|    INFO|testAction.py[:105]|载入主页面...
2024-05-30 16:35:16|   DEBUG|testAction.py[:57]|ffff
2024-05-30 16:35:16|   DEBUG|testAction.py[:58]|123456
2024-05-30 16:35:17|    INFO|testAction.py[:78]|response json: {'code': 0}
2024-05-30 16:35:17|    INFO|testAction.py[:105]|载入主页面...
2024-05-30 16:35:17|   DEBUG|testAction.py[:57]|hhhh
2024-05-30 16:35:17|   DEBUG|testAction.py[:58]|123456
2024-05-30 16:35:17|    INFO|testAction.py[:78]|response json: {'code': 0}
2024-05-30 16:35:17|    INFO|testAction.py[:105]|载入主页面...
2024-05-30 16:35:17|   DEBUG|testAction.py[:57]|gggg
2024-05-30 16:35:17|   DEBUG|testAction.py[:58]|123456
2024-05-30 16:35:17|    INFO|testAction.py[:78]|response json: {'code': 0}
2024-05-30 16:35:17|    INFO|testAction.py[:105]|载入主页面...
2024-05-30 16:35:17|   DEBUG|testAction.py[:57]|iiii
2024-05-30 16:35:17|   DEBUG|testAction.py[:58]|123456
2024-05-30 16:35:17|    INFO|testAction.py[:78]|response json: {'code': 0}
2024-05-30 16:35:17|    INFO|testAction.py[:105]|载入主页面...
2024-05-30 16:35:17|   DEBUG|testAction.py[:57]|jjjj
2024-05-30 16:35:17|   DEBUG|testAction.py[:58]|123456
2024-05-30 16:35:17|    INFO|testAction.py[:78]|response json: {'code': 0}
2024-05-30 16:35:17|    INFO|testAction.py[:105]|载入主页面...
2024-05-30 16:35:17|   DEBUG|testAction.py[:57]|kkkk
2024-05-30 16:35:17|   DEBUG|testAction.py[:58]|123456
2024-05-30 16:35:17|    INFO|testAction.py[:78]|response json: {'code': 0}
2024-05-30 16:35:17|    INFO|testAction.py[:105]|载入主页面...
2024-05-30 16:35:17|   DEBUG|testAction.py[:57]|llll
2024-05-30 16:35:17|   DEBUG|testAction.py[:58]|123456
2024-05-30 16:35:17|    INFO|testAction.py[:78]|response json: {'code': 0}
2024-05-30 16:35:17|    INFO|testAction.py[:105]|载入主页面...
2024-05-30 16:35:17|   DEBUG|testAction.py[:57]|oooo
2024-05-30 16:35:17|   DEBUG|testAction.py[:58]|123456
2024-05-30 16:35:17|    INFO|testAction.py[:78]|response json: {'code': 0}
2024-05-30 16:35:17|    INFO|testAction.py[:105]|载入主页面...
2024-05-30 16:35:17|   DEBUG|testAction.py[:57]|pppp
2024-05-30 16:35:17|   DEBUG|testAction.py[:58]|123456
2024-05-30 16:35:17|    INFO|testAction.py[:78]|response json: {'code': 0}
2024-05-30 16:35:17|    INFO|testAction.py[:105]|载入主页面...
2024-05-30 16:35:18|    INFO|testAction.py[:78]|response json: {'code': 0}
2024-05-30 16:35:18|    INFO|testAction.py[:105]|载入主页面...
